<?xml version="1.0" encoding="UTF-8"?>
<!-- Generated by org.testng.reporters.JUnitReportReporter -->
<testsuite hostname="fv-az77-771" failures="0" tests="2" name="runner.TestRunner" time="5.081" errors="0" timestamp="2021-08-08T09:23:32 UTC" skipped="0">
  <testcase classname="runner.TestRunner" name="runScenario" time="0.862"/>
  <system-out/>
  <testcase classname="runner.TestRunner" name="runScenario" time="4.219"/>
  <system-out/>
</testsuite> <!-- runner.TestRunner -->
