<?xml version="1.0" encoding="UTF-8"?>
<!-- Generated by org.testng.reporters.JUnitReportReporter -->
<testsuite hostname="fv-az77-409" failures="0" tests="2" name="runner.TestRunner" time="0.318" errors="2" timestamp="2021-09-08T11:25:39 UTC" skipped="0">
  <testcase classname="runner.TestRunner" name="runScenario" time="0.280">
    <error type="java.lang.NullPointerException">
      <![CDATA[java.lang.NullPointerException
at steps.Hook.InitializeTest(Hook.java:34)
]]>
    </error>
  </testcase> <!-- runScenario -->
  <system-out/>
  <testcase classname="runner.TestRunner" name="runScenario" time="0.038">
    <error type="java.lang.NullPointerException">
      <![CDATA[java.lang.NullPointerException
at steps.Hook.InitializeTest(Hook.java:34)
]]>
    </error>
  </testcase> <!-- runScenario -->
  <system-out/>
</testsuite> <!-- runner.TestRunner -->
