<?xml version="1.0" encoding="UTF-8"?>
<testsuite xmlns:xsi="http://www.w3.org/2001/XMLSchema-instance" xsi:schemaLocation="https://maven.apache.org/surefire/maven-surefire-plugin/xsd/surefire-test-report.xsd" name="runner.TestRunner" time="3.17" tests="2" errors="0" skipped="0" failures="2">
  <properties>
    <property name="java.runtime.name" value="OpenJDK Runtime Environment"/>
    <property name="java.vm.version" value="10.0.2+13"/>
    <property name="sun.boot.library.path" value="/opt/hostedtoolcache/jdk/10.0.2/x64/lib"/>
    <property name="testng.dtd.http" value="true"/>
    <property name="maven.multiModuleProjectDirectory" value="/home/runner/work/SeleniumwithCucumber/SeleniumwithCucumber"/>
    <property name="java.vm.vendor" value="Azul Systems, Inc."/>
    <property name="java.vendor.url" value="http://www.azulsystems.com/"/>
    <property name="guice.disable.misplaced.annotation.check" value="true"/>
    <property name="path.separator" value=":"/>
    <property name="java.vm.name" value="OpenJDK 64-Bit Server VM"/>
    <property name="file.encoding.pkg" value="sun.io"/>
    <property name="sun.os.patch.level" value="unknown"/>
    <property name="sun.java.launcher" value="SUN_STANDARD"/>
    <property name="java.vm.specification.name" value="Java Virtual Machine Specification"/>
    <property name="user.dir" value="/home/runner/work/SeleniumwithCucumber/SeleniumwithCucumber"/>
    <property name="java.vm.compressedOopsMode" value="32-bit"/>
    <property name="java.runtime.version" value="10.0.2+13"/>
    <property name="java.awt.graphicsenv" value="sun.awt.X11GraphicsEnvironment"/>
    <property name="os.arch" value="amd64"/>
    <property name="java.io.tmpdir" value="/tmp"/>
    <property name="line.separator" value="&#10;"/>
    <property name="java.vm.specification.vendor" value="Oracle Corporation"/>
    <property name="os.name" value="Linux"/>
    <property name="classworlds.conf" value="/usr/share/apache-maven-3.8.1/bin/m2.conf"/>
    <property name="sun.jnu.encoding" value="UTF-8"/>
    <property name="java.library.path" value="/usr/java/packages/lib:/usr/lib64:/lib64:/lib:/usr/lib"/>
    <property name="maven.conf" value="/usr/share/apache-maven-3.8.1/conf"/>
    <property name="jdk.debug" value="release"/>
    <property name="java.class.version" value="54.0"/>
    <property name="java.specification.name" value="Java Platform API Specification"/>
    <property name="sun.management.compiler" value="HotSpot 64-Bit Tiered Compilers"/>
    <property name="os.version" value="5.8.0-1039-azure"/>
    <property name="library.jansi.path" value="/usr/share/apache-maven-3.8.1/lib/jansi-native"/>
    <property name="user.home" value="/home/runner"/>
    <property name="user.timezone" value="Etc/UTC"/>
    <property name="java.awt.printerjob" value="sun.print.PSPrinterJob"/>
    <property name="file.encoding" value="UTF-8"/>
    <property name="java.specification.version" value="10"/>
    <property name="user.name" value="runner"/>
    <property name="java.class.path" value="/usr/share/apache-maven-3.8.1/boot/plexus-classworlds-2.6.0.jar"/>
    <property name="java.vm.specification.version" value="10"/>
    <property name="sun.arch.data.model" value="64"/>
    <property name="sun.java.command" value="org.codehaus.plexus.classworlds.launcher.Launcher clean verify -Dtestng.dtd.http=true"/>
    <property name="java.home" value="/opt/hostedtoolcache/jdk/10.0.2/x64"/>
    <property name="user.language" value="en"/>
    <property name="java.specification.vendor" value="Oracle Corporation"/>
    <property name="awt.toolkit" value="sun.awt.X11.XToolkit"/>
    <property name="java.vm.info" value="mixed mode"/>
    <property name="java.version" value="10.0.2"/>
    <property name="securerandom.source" value="file:/dev/./urandom"/>
    <property name="java.vendor" value="Azul Systems, Inc."/>
    <property name="maven.home" value="/usr/share/apache-maven-3.8.1"/>
    <property name="file.separator" value="/"/>
    <property name="java.version.date" value="2018-07-17"/>
    <property name="java.vendor.url.bug" value="http://www.azulsystems.com/support/"/>
    <property name="sun.io.unicode.encoding" value="UnicodeLittle"/>
    <property name="sun.cpu.endian" value="little"/>
    <property name="java.vendor.version" value="Zulu10.3+5"/>
    <property name="sun.cpu.isalist" value=""/>
  </properties>
  <testcase name="runScenario" classname="runner.TestRunner" time="0.234">
    <failure type="java.lang.NullPointerException">java.lang.NullPointerException
</failure>
    <system-out><![CDATA[
Scenario: Login with correct username and password &amp#27;[90m# src/test/java/features/Login.feature:4&amp#27;[0m
      &amp#27;[31mjava.lang.NullPointerException
	at steps.Hook.InitializeTest(Hook.java:34)
&amp#27;[0m
  &amp#27;[36mGiven &amp#27;[0m&amp#27;[36mI navigate to the login page&amp#27;[0m               &amp#27;[90m# steps.LoginStep.iNavigateToTheLoginPage()&amp#27;[0m
  &amp#27;[36mAnd &amp#27;[0m&amp#27;[36mI enter the following for Login&amp#27;[0m              &amp#27;[90m# steps.LoginStep.iEnterTheFollowingForLogin(java.util.List<steps.LoginStep$User>)&amp#27;[0m
  &amp#27;[36mAnd &amp#27;[0m&amp#27;[36mI click login button&amp#27;[0m                         &amp#27;[90m# steps.LoginStep.iClickLoginButton()&amp#27;[0m
  &amp#27;[36mThen &amp#27;[0m&amp#27;[36mI should see the userform page&amp#27;[0m              &amp#27;[90m# steps.LoginStep.iShouldSeeTheUserformPage()&amp#27;[0m
Login with correct username and password
Closing the browser : MOCK
      &amp#27;[31mjava.lang.NullPointerException
	at steps.Hook.TearDownTest(Hook.java:49)
&amp#27;[0m
]]></system-out>
  </testcase>
  <testcase name="runScenario" classname="runner.TestRunner" time="0.03">
    <failure type="java.lang.NullPointerException">java.lang.NullPointerException
</failure>
    <system-out><![CDATA[
Scenario: Login with correct username and password to fail &amp#27;[90m# src/test/java/features/Login.feature:12&amp#27;[0m
      &amp#27;[31mjava.lang.NullPointerException
	at steps.Hook.InitializeTest(Hook.java:34)
&amp#27;[0m
  &amp#27;[36mGiven &amp#27;[0m&amp#27;[36mI navigate to the login page&amp#27;[0m                       &amp#27;[90m# steps.LoginStep.iNavigateToTheLoginPage()&amp#27;[0m
  &amp#27;[36mAnd &amp#27;[0m&amp#27;[36mI enter the following for Login&amp#27;[0m                      &amp#27;[90m# steps.LoginStep.iEnterTheFollowingForLogin(java.util.List<steps.LoginStep$User>)&amp#27;[0m
  &amp#27;[36mAnd &amp#27;[0m&amp#27;[36mI click login button&amp#27;[0m                                 &amp#27;[90m# steps.LoginStep.iClickLoginButton()&amp#27;[0m
  &amp#27;[36mThen &amp#27;[0m&amp#27;[36mI should see the userform page wrongly&amp#27;[0m              &amp#27;[90m# steps.LoginStep.iShouldSeeTheUserformPageWrongly()&amp#27;[0m
Login with correct username and password to fail
Closing the browser : MOCK
      &amp#27;[31mjava.lang.NullPointerException
	at steps.Hook.TearDownTest(Hook.java:49)
&amp#27;[0m
]]></system-out>
  </testcase>
</testsuite>